<?xml version="1.0" encoding="UTF-8"?>
<testsuite name="com.moodanalyse.MoodAnalyserTest" tests="1" skipped="0" failures="0" errors="0" timestamp="2019-11-25T05:33:44" hostname="admin1-desktop" time="0.004">
  <properties/>
  <testcase name="givenMessage_forNuLLEXception" classname="com.moodanalyse.MoodAnalyserTest" time="0.004"/>
  <system-out><![CDATA[]]></system-out>
  <system-err><![CDATA[]]></system-err>
</testsuite>
