<?xml version="1.0" encoding="UTF-8"?>
<testsuite name="MoodAnalyseTest" tests="1" skipped="0" failures="0" errors="0" timestamp="2019-11-25T10:43:09" hostname="admin1-desktop" time="0.001">
  <properties/>
  <testcase name="givenMessage_whenthemoodnull_shouldReturnHappy" classname="MoodAnalyseTest" time="0.001"/>
  <system-out><![CDATA[]]></system-out>
  <system-err><![CDATA[]]></system-err>
</testsuite>
